<?xml version="1.0" encoding="UTF-8"?>
<!-- Generated by org.testng.reporters.JUnitReportReporter -->
<testsuite hostname="LAPTOP-PA32LMUG" failures="0" tests="1" name="tests.LoginTest" time="9.058" errors="0" timestamp="2025-07-10T20:02:53 IST" skipped="0">
  <testcase classname="tests.LoginTest" name="testLoginAndSearchUser" time="9.058"/>
</testsuite> <!-- tests.LoginTest -->
