<?xml version="1.0" encoding="UTF-8"?>
<!-- Generated by org.testng.reporters.JUnitReportReporter -->
<testsuite hostname="LAPTOP-PA32LMUG" failures="0" tests="1" name="tests.LoginTest" time="7.174" errors="0" timestamp="2025-07-10T17:17:40 IST" skipped="0">
  <testcase classname="tests.LoginTest" name="testLoginAndSearchUser" time="7.174"/>
</testsuite> <!-- tests.LoginTest -->
